<?xml version="1.0" encoding="UTF-8"?>
<robot generator="Robot 3.1.2 (Python 3.7.1 on win32)" generated="20190723 09:51:40.076" rpa="false">
<suite id="s1" name="Second" source="C:\Users\CTEA\pycharm projects\RoboScript\demo\second.robot">
<test id="s1-t1" name="Test My first script">
<kw name="Log" library="BuiltIn">
<doc>Logs the given message with the given level.</doc>
<arguments>
<arg>"Logging string in first test case"</arg>
</arguments>
<msg timestamp="20190723 09:51:40.123" level="INFO">"Logging string in first test case"</msg>
<status status="PASS" starttime="20190723 09:51:40.123" endtime="20190723 09:51:40.123"></status>
</kw>
<doc>"This is my first demo test case"</doc>
<status status="PASS" starttime="20190723 09:51:40.107" endtime="20190723 09:51:40.123" critical="no"></status>
</test>
<test id="s1-t2" name="Test My second test case">
<kw name="Log" library="BuiltIn">
<doc>Logs the given message with the given level.</doc>
<arguments>
<arg>"Logging string in second test case"</arg>
</arguments>
<msg timestamp="20190723 09:51:40.123" level="INFO">"Logging string in second test case"</msg>
<status status="PASS" starttime="20190723 09:51:40.123" endtime="20190723 09:51:40.123"></status>
</kw>
<doc>"second test case"</doc>
<tags>
<tag>tag1</tag>
</tags>
<status status="PASS" starttime="20190723 09:51:40.123" endtime="20190723 09:51:40.123" critical="yes"></status>
</test>
<test id="s1-t3" name="Test My third test case">
<kw name="Log" library="BuiltIn">
<doc>Logs the given message with the given level.</doc>
<arguments>
<arg>"Logging string in third test case"</arg>
</arguments>
<msg timestamp="20190723 09:51:40.123" level="INFO">"Logging string in third test case"</msg>
<status status="PASS" starttime="20190723 09:51:40.123" endtime="20190723 09:51:40.123"></status>
</kw>
<doc>"third test case"</doc>
<tags>
<tag>tag2</tag>
</tags>
<status status="PASS" starttime="20190723 09:51:40.123" endtime="20190723 09:51:40.123" critical="yes"></status>
</test>
<doc>"This is my Test suite documentation"</doc>
<status status="PASS" starttime="20190723 09:51:40.076" endtime="20190723 09:51:40.123"></status>
</suite>
<statistics>
<total>
<stat pass="2" fail="0">Critical Tests</stat>
<stat pass="3" fail="0">All Tests</stat>
</total>
<tag>
<stat pass="1" fail="0" info="critical">tag1</stat>
<stat pass="1" fail="0" info="critical">tag2</stat>
</tag>
<suite>
<stat pass="3" fail="0" id="s1" name="Second">Second</stat>
</suite>
</statistics>
<errors>
</errors>
</robot>
